0 0 0 0 400000 1.33808e-016 2.67616e-017
2.1551724137931e-011 0 8.62068965517241e-006 -4128.92172830242 400000 1.33822257237916e-016 2.67644514475832e-017
4.31034482758621e-011 -8.89853820754831e-008 1.72413793103448e-005 -8257.84345660483 399957.380013404 1.3383651599494e-016 2.67673031989881e-017
6.46551724137931e-011 -2.66956146226449e-007 2.58611504313234e-005 -12386.3252484355 399872.140040212 1.33850776271235e-016 2.6770155254247e-017
8.62068965517241e-011 -5.3390281106342e-007 3.44790844839141e-005 -16513.9271673225 399744.284621581 1.33865038066961e-016 2.67730076133923e-017
1.07758620689655e-010 -8.8980641380744e-007 4.3094263031793e-005 -20640.2093236694 399573.82283983 1.33879301382282e-016 2.67758602764563e-017
1.29310344827586e-010 -1.33463851130031e-006 5.17057678343756e-005 -24764.73192163 399360.768317947 1.33893566217358e-016 2.67787132434715e-017
1.50862068965517e-010 -1.8683611820251e-006 6.03126809446762e-005 -28887.0553059788 399105.13921863 1.33907832572351e-016 2.67815665144703e-017
1.72413793103448e-010 -2.49092702913671e-006 6.89140848071466e-005 -33006.7400089712 398806.958242831 1.33922100447425e-016 2.67844200894849e-017
1.93965517241379e-010 -3.20227918450247e-006 7.75090623554835e-005 -37123.3467971887 398466.252627822 1.3393636984274e-016 2.67872739685479e-017
2.1551724137931e-010 -4.00235131375222e-006 8.60966971103934e-005 -41236.4367183643 398083.054144776 1.33950640758458e-016 2.67901281516917e-017
2.37068965517241e-010 -4.89106762233766e-006 9.46760732773067e-005 -45345.5711481827 397657.399095866 1.33964913194742e-016 2.67929826389485e-017
2.58620689655172e-010 -5.86834286260022e-006 0.000103246275844028 -49450.3118370506 397189.328310876 1.33979187151754e-016 2.67958374303509e-017
2.80172413793103e-010 -6.934082341847e-006 0.000111806390678314 -53550.2209568321 396678.887143338 1.33993462629656e-016 2.67986925259311e-017
3.01724137931035e-010 -8.0881819314339e-006 0.000120355504625369 -57644.8611475445 396126.125466177 1.34007739628609e-016 2.68015479257218e-017
3.23275862068966e-010 -9.33052807685512e-006 0.000128892705605243 -61733.7955640084 395531.097666885 1.34022018148776e-016 2.68044036297551e-017
3.44827586206897e-010 -1.06609978088381e-005 0.000137417082710133 -65816.5879224487 394893.862642198 1.34036298190318e-016 2.68072596380637e-017
3.66379310344828e-010 -1.20794587554426e-005 0.00014592772630156 -69892.8025470402 394214.483792308 1.34050579753399e-016 2.68101159506798e-017
3.87931034482759e-010 -1.35857691551633e-005 0.000154423728107428 -73962.0044163942 393493.029014587 1.3406486283818e-016 2.68129725676359e-017
4.0948275862069e-010 -1.51797778710338e-005 0.00016290418131895 -78023.7592099789 392729.570696828 1.34079147444823e-016 2.68158294889645e-017
4.31034482758621e-010 -1.68613244057316e-005 0.000171368180687416 -82077.6333544714 391924.185710013 1.3409343357349e-016 2.6818686714698e-017
4.52586206896552e-010 -1.86302389176815e-005 0.000179814822620821 -86123.1940700347 391076.955400601 1.34107721224344e-016 2.68215442448688e-017
4.74137931034483e-010 -2.04863422381563e-005 0.000188243205280317 -90160.0094165144 390187.965582335 1.34122010397546e-016 2.68244020795093e-017
4.95689655172414e-010 -2.24294458893743e-005 0.000196652428676488 -94187.6483395519 389257.306527575 1.3413630109326e-016 2.6827260218652e-017
5.17241379310345e-010 -2.44593521035888e-005 0.000205041594765444 -98205.6807166074 388285.072958158 1.34150593311646e-016 2.68301186623293e-017
5.38793103448276e-010 -2.65758538431709e-005 0.000213409807544715 -102213.677402888 387271.364035774 1.34164887052868e-016 2.68329774105737e-017
5.60344827586207e-010 -2.87787348216814e-005 0.000221756173148934 -106211.21027718 386216.283351878 1.34179182317088e-016 2.68358364634176e-017
5.81896551724138e-010 -3.1067769525931e-005 0.000230079799945311 -110197.852287569 385119.938917121 1.34193479104468e-016 2.68386958208935e-017
6.03448275862069e-010 -3.34427232390251e-005 0.00023837979862887 -114173.177497063 383982.443150315 1.34207777415169e-016 2.68415554830339e-017
6.25e-010 -3.59033520643929e-005 0.000246655282317454 -118136.761129088 382803.912866923 1.34222077249356e-016 2.68444154498712e-017
6.46551724137931e-010 -3.84494029507956e-005 0.000254905366646483 -122088.179612876 381584.46926708 1.34236378607189e-016 2.68472757214378e-017
6.68103448275862e-010 -4.10806137183145e-005 0.000263129169863445 -126027.010628725 380324.237923149 1.34250681488831e-016 2.68501362977663e-017
6.89655172413793e-010 -4.37967130853129e-005 0.000271325812922134 -129952.833153128 379023.348766804 1.34264985894445e-016 2.68529971788891e-017
7.11206896551724e-010 -4.65974206963717e-005 0.000279494419576591 -133865.227503771 377681.936075653 1.34279291824193e-016 2.68558583648386e-017
7.32758620689655e-010 -4.94824471511943e-005 0.000287634116474773 -137763.775384396 376300.138459391 1.34293599278237e-016 2.68587198556475e-017
7.54310344827586e-010 -5.24514940344787e-005 0.000295744033251915 -141648.059929516 374878.098845497 1.3430790825674e-016 2.68615816513481e-017
7.75862068965517e-010 -5.55042539467528e-005 0.000303823302623585 -145517.665748986 373415.96446446 1.34322218759864e-016 2.68644437519729e-017
7.97413793103448e-010 -5.86404105361706e-005 0.000311871060478423 -149372.178972417 371913.886834553 1.34336530787772e-016 2.68673061575544e-017
8.18965517241379e-010 -6.18596385312658e-005 0.000319886445970547 -153211.187293438 370372.021746146 1.34350844340626e-016 2.68701688681252e-017
8.4051724137931e-010 -6.51616037746589e-005 0.000327868601611628 -157034.280013796 368790.529245558 1.34365159418588e-016 2.68730318837177e-017
8.62068965517241e-010 -6.85459632577148e-005 0.000335816673362609 -160841.048087281 367169.573618465 1.34379476021822e-016 2.68758952043644e-017
8.83620689655172e-010 -7.20123651561476e-005 0.000343729810725076 -164631.084163493 365509.323372839 1.34393794150489e-016 2.68787588300978e-017
9.05172413793103e-010 -7.55604488665677e-005 0.00035160716683225 -168403.982631421 363809.951221447 1.34408113804752e-016 2.68816227609505e-017
9.26724137931034e-010 -7.9189845043969e-005 0.000359447898539608 -172159.339662848 362071.634063898 1.34422434984774e-016 2.68844869969549e-017
9.48275862068965e-010 -8.29001756401511e-005 0.000367251166515123 -175896.753255569 360294.552968238 1.34436757690717e-016 2.68873515381435e-017
9.69827586206896e-010 -8.66910539430729e-005 0.000375016135329094 -179615.823276418 358478.893152101 1.34451081922744e-016 2.68902163845489e-017
9.91379310344827e-010 -9.05620846171336e-005 0.000382741973543579 -183316.151504102 356624.843963419 1.34465407681018e-016 2.68930815362036e-017
1.01293103448276e-009 -9.45128637443772e-005 0.000390427853801411 -186997.341671835 354732.598860684 1.344797349657e-016 2.68959469931401e-017
1.03448275862069e-009 -9.8542978866615e-005 0.000398072952914788 -190658.999509767 352802.355392775 1.34494063776955e-016 2.68988127553909e-017
1.05603448275862e-009 -0.000102652009028463 0.000405676451953426 -194300.732787211 350834.315178344 1.34508394114943e-016 2.69016788229886e-017
1.07758620689655e-009 -0.000106839524821291 0.000413237536332269 -197922.151354646 348828.683884768 1.34522725979829e-016 2.69045451959658e-017
1.09913793103448e-009 -0.000111105088428072 0.000420755395898751 -201522.867185513 346785.671206667 1.34537059371774e-016 2.69074118743548e-017
1.12068965517241e-009 -0.00011544825366914 0.000428229225019585 -205102.494417786 344705.490843987 1.34551394290942e-016 2.69102788581884e-017
1.14224137931034e-009 -0.000119868566048833 0.000435658222667084 -208660.649395313 342588.36047966 1.34565730737495e-016 2.6913146147499e-017
1.16379310344828e-009 -0.000124365562803043 0.000443041592505008 -212196.950708933 340434.501756835 1.34580068711596e-016 2.69160137423191e-017
1.18534482758621e-009 -0.000128938772947632 0.000450378542973905 -215711.019237352 338244.140255681 1.34594408213407e-016 2.69188816426814e-017
1.20689655172414e-009 -0.000133587717327747 0.000457668287375967 -219202.478187784 336017.505469773 1.34608749243092e-016 2.69217498486184e-017
1.22844827586207e-009 -0.000138311908668001 0.000464910043959368 -222670.953136344 333754.830782054 1.34623091800813e-016 2.69246183601626e-017
1.25e-009 -0.000143110851623526 0.000472103036002084 -226116.072068199 331456.353440388 1.34637435886733e-016 2.69274871773467e-017
1.27155172413793e-009 -0.000147984042831892 0.000479246491895196 -229537.465417459 329122.314532686 1.34651781501015e-016 2.69303563002031e-017
1.29310344827586e-009 -0.000152930970965889 0.000486339645225642 -232934.766106817 326752.958961632 1.34666128643822e-016 2.69332257287644e-017
1.31465517241379e-009 -0.000157951116787157 0.000493381734858436 -236307.609586926 324348.535418994 1.34680477315317e-016 2.69360954630633e-017
1.33620689655172e-009 -0.000163043953200668 0.000500372005018328 -239655.633875513 321909.296359527 1.34694827515661e-016 2.69389655031323e-017
1.35775862068966e-009 -0.000168208945310054 0.000507309705370904 -242978.479596216 319435.49797448 1.3470917924502e-016 2.69418358490039e-017
1.37931034482759e-009 -0.000173445550473765 0.000514194091103113 -246275.790017161 316927.400164693 1.34723532503554e-016 2.69447065007108e-017
1.40086206896552e-009 -0.000178753218362066 0.000521024423003214 -249547.211089247 314385.266513302 1.34737887291428e-016 2.69475774582856e-017
1.42241379310345e-009 -0.000184131391014852 0.000527799967540138 -252792.391484159 311809.364258043 1.34752243608804e-016 2.69504487217608e-017
1.44396551724138e-009 -0.000189579502900286 0.000534519996942251 -256010.982632092 309199.964263171 1.34766601455845e-016 2.6953320291169e-017
1.46551724137931e-009 -0.000195096980974254 0.000541183789275509 -259202.638759184 306557.340990987 1.34780960832714e-016 2.69561921665428e-017
1.48706896551724e-009 -0.000200683244740616 0.000547790628521005 -262367.016924654 303881.772472972 1.34795321739574e-016 2.69590643479148e-017
1.50862068965517e-009 -0.000206337706312268 0.000554339804651888 -265503.777057651 301173.540280547 1.34809684176589e-016 2.69619368353177e-017
1.5301724137931e-009 -0.000212059770472993 0.000560830613709658 -268612.581993786 298432.929495447 1.3482404814392e-016 2.6964809628784e-017
1.55172413793104e-009 -0.0002178488347401 0.000567262357879819 -271693.097511373 295660.228679724 1.34838413641732e-016 2.69676827283464e-017
1.57327586206897e-009 -0.000223704289427845 0.000573634345566882 -274744.99236735 292855.729845362 1.34852780670187e-016 2.69705561340374e-017
1.5948275862069e-009 -0.000229625517711625 0.000579945891468721 -277767.938332891 290019.728423543 1.34867149229449e-016 2.69734298458897e-017
1.61637931034483e-009 -0.000235611895692937 0.000586196316650263 -280761.610228701 287152.523233522 1.3488151931968e-016 2.69763038639359e-017
1.63793103448276e-009 -0.000241662792465107 0.000592384948616503 -283725.685959991 284254.416451155 1.34895890941043e-016 2.69791781882087e-017
1.65948275862069e-009 -0.000247777570179762 0.000598511121384847 -286659.846551119 281325.713577061 1.34910264093703e-016 2.69820528187406e-017
1.68103448275862e-009 -0.000253955584114053 0.000604574175556766 -289563.776179915 278366.723404419 1.34924638777821e-016 2.69849277555642e-017
1.70258620689655e-009 -0.000260196182738621 0.000610573458388758 -292437.162211667 275377.757986423 1.34939014993562e-016 2.69878029987123e-017
1.72413793103448e-009 -0.000266498707786286 0.000616508323862603 -295279.69523277 272359.132603376 1.34953392741087e-016 2.69906785482175e-017
1.74568965517242e-009 -0.000272862494321475 0.000622378132754917 -298091.06908404 269311.165729443 1.34967772020562e-016 2.69935544041124e-017
1.76724137931035e-009 -0.000279286870810355 0.000628182252705983 -300870.980893676 266234.178999058 1.34982152832148e-016 2.69964305664296e-017
1.78879310344828e-009 -0.000285771159191684 0.000633920058287859 -303619.131109891 263128.497172989 1.34996535176009e-016 2.69993070352018e-017
1.81034482758621e-009 -0.000292314674948363 0.00063959093107176 -306335.223533174 259994.448104069 1.35010919052308e-016 2.70021838104616e-017
1.83189655172414e-009 -0.000298916727179681 0.000645194259694692 -309018.965348211 256832.362702593 1.35025304461209e-016 2.70050608922418e-017
1.85344827586207e-009 -0.000305576618674255 0.000650729439925352 -311670.067155446 253642.574901384 1.35039691402875e-016 2.7007938280575e-017
1.875e-009 -0.00031229364598364 0.000656195874729261 -314288.243002279 250425.421620535 1.35054079877469e-016 2.70108159754937e-017
1.89655172413793e-009 -0.00031906709949662 0.000661592974333152 -316873.210413899 247181.242731829 1.35068469885154e-016 2.70136939770308e-017
1.91810344827586e-009 -0.000325896263514161 0.000666920156288579 -319424.69042376 243910.381022842 1.35082861426094e-016 2.70165722852188e-017
1.9396551724138e-009 -0.000332780416325018 0.000672176845534761 -321942.407603669 240613.182160725 1.35097254500452e-016 2.70194509000905e-017
1.96120689655173e-009 -0.000339718830281993 0.000677362474460639 -324426.090093518 237289.994655683 1.35111649108392e-016 2.70223298216785e-017
1.98275862068966e-009 -0.000346710771878836 0.000682476482966149 -326875.469630624 233941.169824145 1.35126045250077e-016 2.70252090500155e-017
2.00431034482759e-009 -0.000353755501827772 0.000687518318522704 -329290.281578703 230567.061751627 1.35140442925671e-016 2.70280885851341e-017
2.02586206896552e-009 -0.000360852275137658 0.000692487436232868 -331670.264956446 227168.027255304 1.35154842135336e-016 2.70309684270672e-017
2.04741379310345e-009 -0.000368000341192754 0.000697383298889233 -334015.162465721 223744.425846278 1.35169242879236e-016 2.70338485758473e-017
2.06896551724138e-009 -0.000375198943832101 0.000702205377032472 -336324.720519379 220296.61969156 1.35183645157536e-016 2.70367290315072e-017
2.09051724137931e-009 -0.000382447321429502 0.000706953149008583 -338598.689268669 216824.973575766 1.35198048970397e-016 2.70396097940795e-017
2.11206896551724e-009 -0.000389744706974085 0.000711626101025302 -340836.822630258 213329.854862526 1.35212454317985e-016 2.70424908635969e-017
2.13362068965517e-009 -0.000397090328151461 0.000716223727207684 -343038.878312852 209811.633455617 1.35226861200461e-016 2.70453722400923e-017
2.1551724137931e-009 -0.000404483407425445 0.000720745529652848 -345204.617843416 206270.681759821 1.35241269617991e-016 2.70482539235982e-017
2.17672413793103e-009 -0.000411923162120346 0.000725191018483879 -347333.80659299 202707.374641511 1.35255679570737e-016 2.70511359141474e-017
2.19827586206897e-009 -0.000419408804503816 0.000729559711902877 -349426.213802101 199122.089388971 1.35270091058863e-016 2.70540182117725e-017
2.2198275862069e-009 -0.00042693954187024 0.000733851136243156 -351481.612605759 195515.205672456 1.35284504082532e-016 2.70569008165064e-017
2.24137931034483e-009 -0.000434514576624675 0.00073806482602058 -353499.780058045 191887.105503989 1.35298918641909e-016 2.70597837283818e-017
2.26293103448276e-009 -0.000442133106367305 0.000742200323984028 -355480.497156287 188238.17319691 1.35313334737156e-016 2.70626669474312e-017
2.28448275862069e-009 -0.000449794323978432 0.000746257181164996 -357423.548864808 184568.795325169 1.35327752368438e-016 2.70655504736876e-017
2.30603448275862e-009 -0.000457497417703967 0.000750234956926314 -359328.72413827 180879.360682382 1.35342171535918e-016 2.70684343071836e-017
2.32758620689655e-009 -0.000465241571241429 0.000754133219009986 -361195.815944577 177170.260240638 1.3535659223976e-016 2.7071318447952e-017
2.34913793103448e-009 -0.000473025963826442 0.000757951543584138 -363024.621287369 173441.887109074 1.35371014480128e-016 2.70742028960255e-017
2.37068965517241e-009 -0.000480849770319704 0.000761689515289075 -364814.941228075 169694.636492219 1.35385438257184e-016 2.70770876514368e-017
2.39224137931034e-009 -0.000488712161294447 0.000765346727282442 -366566.580907548 165928.905648104 1.35399863571094e-016 2.70799727142187e-017
2.41379310344827e-009 -0.000496612303124351 0.000768922781283478 -368279.349567257 162145.093846157 1.3541429042202e-016 2.7082858084404e-017
2.43534482758621e-009 -0.000504549358071921 0.00077241728761637 -369953.060570055 158343.602324874 1.35428718810127e-016 2.70857437620254e-017
2.45689655172414e-009 -0.000512522484377311 0.000775829865252682 -371587.531420497 154524.834249274 1.35443148735578e-016 2.70886297471156e-017
2.47844827586207e-009 -0.00052053083634758 0.000779160141852882 -373182.583784733 150689.194668154 1.35457580198537e-016 2.70915160397074e-017
2.5e-009 -0.000528573564446389 0.000782407753806937 -374738.043509947 146837.090471122 1.35472013199168e-016 2.70944026398336e-017
2.52155172413793e-009 -0.000536649815384103 0.000785572346273987 -376253.740643364 142968.930345447 1.35486447737635e-016 2.70972895475269e-017
2.54310344827586e-009 -0.000544758732208314 0.000788653573221087 -377729.509450803 139085.124732703 1.35500883814101e-016 2.71001767628202e-017
2.56465517241379e-009 -0.000552899454394753 0.000791651097461016 -379165.188434784 135186.085785222 1.35515321428731e-016 2.71030642857462e-017
2.58620689655172e-009 -0.000561071117938606 0.000794564590689145 -380560.620352191 131272.227322362 1.35529760581688e-016 2.71059521163376e-017
2.60775862068965e-009 -0.000569272855446197 0.000797393733519369 -381915.652231476 127343.964786591 1.35544201273136e-016 2.71088402546273e-017
2.62931034482758e-009 -0.000577503796227048 0.00080013821551908 -383230.135389415 123401.715199397 1.3555864350324e-016 2.7111728700648e-017
2.65086206896551e-009 -0.000585763066386302 0.000802797735243205 -384503.925447406 119445.897117023 1.35573087272163e-016 2.71146174544325e-017
2.67241379310345e-009 -0.000594049788917496 0.000805372000267279 -385736.882347314 115476.93058603 1.35587532580069e-016 2.71175065160137e-017
2.69396551724138e-009 -0.000602363083795671 0.000807860727219564 -386928.87036685 111495.237098701 1.35601979427121e-016 2.71203958854243e-017
2.71551724137931e-009 -0.000610702068070819 0.000810263641812208 -388079.758134497 107501.239548288 1.35616427813485e-016 2.71232855626971e-017
2.73706896551724e-009 -0.000619065855961648 0.000812580478871438 -389189.418643973 103495.362184099 1.35630877739324e-016 2.71261755478649e-017
2.75862068965517e-009 -0.000627453558949665 0.000814810982366785 -390257.729268224 99478.0305664374 1.35645329204803e-016 2.71290658409605e-017
2.7801724137931e-009 -0.000635864285873549 0.000816954905439338 -391284.57177296 95449.6715214036 1.35659782210084e-016 2.71319564420168e-017
2.80172413793103e-009 -0.000644297143023829 0.000819012010429023 -392269.832329721 91410.7130955463 1.35674236755333e-016 2.71348473510665e-017
2.82327586206896e-009 -0.000652751234237831 0.00082098206890091 -393213.40152847 87361.584510387 1.35688692840712e-016 2.71377385681425e-017
2.84482758620689e-009 -0.00066122566099491 0.00082286486167053 -394115.17438973 83302.7161168105 1.35703150466388e-016 2.71406300932775e-017
2.86637931034482e-009 -0.00066971952251193 0.00082466017882822 -394975.050376233 79234.5393493319 1.35717609632523e-016 2.71435219265045e-017
2.88793103448275e-009 -0.000678231915839004 0.000826367819762473 -395792.933404112 75157.4866802425 1.35732070339281e-016 2.71464140678562e-017
2.90948275862069e-009 -0.000686761935955472 0.000827987593182306 -396568.731853608 71071.9915736405 1.35746532586827e-016 2.71493065173655e-017
2.93103448275862e-009 -0.00069530867586611 0.000829519317138634 -397302.358579314 66978.4884393512 1.35760996375326e-016 2.71521992750651e-017
2.95258620689655e-009 -0.000703871226697561 0.000830962819044655 -397993.730919929 62877.4125867414 1.3577546170494e-016 2.7155092340988e-017
2.97413793103448e-009 -0.000712448677794973 0.000832317935695231 -398642.770707551 58769.2001784328 1.35789928575835e-016 2.7157985715167e-017
2.99568965517241e-009 -0.000721040116818843 0.000833584513285284 -399249.40427648 54654.2881839201 1.35804396988174e-016 2.71608793976349e-017
3.01724137931034e-009 -0.000729644629842043 0.000834762407427179 -399813.562471549 50533.1143330977 1.35818866942123e-016 2.71637733884246e-017
3.03879310344827e-009 -0.000738261301447033 0.000835851483167116 -400335.180655971 46406.1170697008 1.35833338437844e-016 2.71666676875688e-017
3.0603448275862e-009 -0.000746889214823239 0.000836851615000515 -400814.198718709 42273.735504665 1.35847811475503e-016 2.71695622951006e-017
3.08189655172413e-009 -0.000755527451864591 0.000837762686886391 -401250.561081363 38136.4093694105 1.35862286055263e-016 2.71724572110527e-017
3.10344827586206e-009 -0.000764175093267206 0.000838584592260732 -401644.216704575 33994.5789690546 1.3587676217729e-016 2.7175352435458e-017
3.12499999999999e-009 -0.000772831218627219 0.000839317234048858 -401995.11909395 29848.6851355583 1.35891239841747e-016 2.71782479683494e-017
3.14655172413793e-009 -0.000781494906538726 0.00083996052467678 -402303.226305493 25699.1691808119 1.35905719048798e-016 2.71811438097597e-017
3.16810344827586e-009 -0.000790165234691862 0.000840514386081538 -402568.500950568 21546.4728496647 1.35920199798609e-016 2.71840399597217e-017
3.18965517241379e-009 -0.000798841279970969 0.00084097874972054 -402790.910200361 17391.0382729023 1.35934682091343e-016 2.71869364182685e-017
3.21120689655172e-009 -0.000807522118552873 0.00084135355657987 -402970.425789868 13233.3079201799 1.35949165927164e-016 2.71898331854329e-017
3.23275862068965e-009 -0.000816206826005241 0.000841638757181598 -403107.024021391 9073.72455291221 1.35963651306238e-016 2.71927302612476e-017
3.25431034482758e-009 -0.000824894477385013 0.000841834311590066 -403200.685767548 4912.7311771291 1.35978138228729e-016 2.71956276457458e-017
3.27586206896551e-009 -0.000833584147336899 0.000841940189417159 -403251.396473805 750.770996298938 1.359926266948e-016 2.71985253389601e-017
3.29741379310344e-009 -0.000842274910191938 0.000841956369826562 -403259.146160504 -3411.71263587352 1.36007116704618e-016 2.72014233409236e-017
3.31896551724137e-009 -0.000850965840066087 0.000841882841536996 -403223.929424421 -7574.27626267049 1.36021608258345e-016 2.7204321651669e-017
3.3405172413793e-009 -0.000859656010958855 0.000841719602824438 -403145.745439829 -11736.4763716004 1.36036101356147e-016 2.72072202712294e-017
3.36206896551723e-009 -0.000868344496851955 0.000841466661523326 -403024.597959068 -15897.8694416484 1.36050595998188e-016 2.72101191996376e-017
3.38362068965517e-009 -0.000877030371807969 0.000841124035026739 -402860.495312639 -20058.0119905322 1.36065092184632e-016 2.72130184369265e-017
3.4051724137931e-009 -0.000885712710069017 0.000840691750285563 -402653.450408804 -24216.4606219598 1.36079589915645e-016 2.72159179831291e-017
3.42672413793103e-009 -0.000894390586155414 0.000840169843806642 -402403.480732692 -28372.7720728819 1.36094089191391e-016 2.72188178382782e-017
3.44827586206896e-009 -0.000903063074964308 0.000839558361649899 -402110.608344932 -32526.5032607363 1.36108590012034e-016 2.72217180024067e-017
3.46982758620689e-009 -0.000911729251868294 0.000838857359424452 -401774.859879785 -36677.211330677 1.36123092377739e-016 2.72246184755477e-017
3.49137931034482e-009 -0.000920388192813979 0.000838066902283705 -401396.266542793 -40824.4537027853 1.3613759628867e-016 2.7227519257734e-017
3.51293103448275e-009 -0.000929038974420504 0.00083718706491942 -400974.864107944 -44967.7881192553 1.36152101744993e-016 2.72304203489985e-017
3.53448275862068e-009 -0.000937680674078003 0.000836217931554781 -400510.692914346 -49106.7726915513 1.36166608746871e-016 2.72333217493742e-017
3.55603448275861e-009 -0.000946312370045985 0.000835159595936429 -400003.797862414 -53240.96594753 1.3618111729447e-016 2.7236223458894e-017
3.57758620689654e-009 -0.00095493314155164 0.000834012161325491 -399454.228409572 -57369.926878524 1.36195627387954e-016 2.72391254775909e-017
3.59913793103447e-009 -0.000963542068888054 0.000832775740487591 -398862.038565473 -61493.2149863804 1.36210139027489e-016 2.72420278054978e-017
3.62068965517241e-009 -0.000972138233512309 0.000831450455681851 -398227.286886722 -65610.3903304504 1.36224652213238e-016 2.72449304426476e-017
3.64224137931034e-009 -0.000980720718143489 0.000830036438648867 -397550.036471127 -69721.0135745242 1.36239166945366e-016 2.72478333890733e-017
3.66379310344827e-009 -0.000989288606860539 0.000828533830597692 -396830.354951459 -73824.6460337068 1.36253683224039e-016 2.72507366448078e-017
3.6853448275862e-009 -0.00099784098520001 0.000826942782191793 -396068.314488727 -77920.8497212294 1.36268201049421e-016 2.72536402098841e-017
3.70689655172413e-009 -0.00100637694025365 0.000825263453534008 -395263.991764973 -82009.187395191 1.36282720421676e-016 2.72565440843352e-017
3.72844827586206e-009 -0.00101489556076582 0.000823496014150491 -394417.467975582 -86089.2226052258 1.3629724134097e-016 2.72594482681941e-017
3.74999999999999e-009 -0.00102339593723081 0.000821640642973654 -393528.828821113 -90160.5197390918 1.36311763807468e-016 2.72623527614936e-017
3.77155172413792e-009 -0.00103187716198989 0.000819697528324104 -392598.164498649 -94222.644069174 1.36326287821334e-016 2.72652575642668e-017
3.79310344827585e-009 -0.00104033832932822 0.000817666867891579 -391625.569692661 -98275.1617988993 1.36340813382733e-016 2.72681626765466e-017
3.81465517241379e-009 -0.0010487785355716 0.000815548868714879 -390611.143565401 -102317.640109056 1.3635534049183e-016 2.7271068098366e-017
3.83620689655172e-009 -0.00105719687918292 0.000813343747160804 -389554.989746813 -106349.647204017 1.3636986914879e-016 2.72739738297581e-017
3.85775862068965e-009 -0.0010655924608585 0.000811051728902097 -388457.216323969 -110370.752357853 1.36384399353778e-016 2.72768798707557e-017
3.87931034482758e-009 -0.0010739643836241 0.000808673048894385 -387317.93583002 -114380.525960342 1.36398931106959e-016 2.72797862213919e-017
3.90086206896551e-009 -0.00108231175293078 0.000806207951352136 -386137.265232689 -118378.539562867 1.36413464408498e-016 2.72826928816996e-017
3.92241379310344e-009 -0.00109063367675045 0.000803656689723626 -384915.325922275 -122364.365924183 1.3642799925856e-016 2.72855998517119e-017
3.94396551724137e-009 -0.00109892926567119 0.000801019526664915 -383652.243699189 -126337.579056076 1.36442535657309e-016 2.72885071314618e-017
3.9655172413793e-009 -0.0011071976329923 0.000798296734012844 -382348.148761025 -130297.75426888 1.36457073604911e-016 2.72914147209822e-017
3.98706896551724e-009 -0.00111543789481904 0.000795488592757049 -381003.17568915 -134244.468216869 1.36471613101531e-016 2.72943226203062e-017
4.00862068965517e-009 -0.00112364917015717 0.000792595393010996 -379617.463434837 -138177.298943507 1.36486154147334e-016 2.72972308294668e-017
4.0301724137931e-009 -0.00113183058100706 0.000789617433982041 -378191.155304922 -142095.825926555 1.36500696742485e-016 2.73001393484969e-017
4.05172413793103e-009 -0.0011399812524576 0.000786555023940521 -376724.398946999 -145999.63012303 1.36515240887149e-016 2.73030481774297e-017
4.07327586206896e-009 -0.00114810031277973 0.000783408480187869 -375217.346334152 -149888.294014015 1.3652978658149e-016 2.73059573162981e-017
4.09482758620689e-009 -0.00115618689351969 0.000780178129023774 -373670.15374922 -153761.401649303 1.36544333825676e-016 2.73088667651351e-017
4.11637931034482e-009 -0.00116424012959187 0.000776864305712367 -372082.98176861 -157618.538691886 1.36558882619869e-016 2.73117765239738e-017
4.13793103448276e-009 -0.00117225915937137 0.000773467354447455 -370455.995245639 -161459.292462276 1.36573432964236e-016 2.73146865928473e-017
4.15948275862069e-009 -0.00118024312478614 0.000769987628316803 -368789.36329343 -165283.25198265 1.36587984858942e-016 2.73175969717884e-017
4.18103448275862e-009 -0.00118819117140885 0.000766425489265453 -367083.259267341 -169090.008020823 1.36602538304152e-016 2.73205076608304e-017
4.20258620689655e-009 -0.00119610244854823 0.000762781308058107 -365337.860746951 -172879.153134035 1.36617093300031e-016 2.73234186600061e-017
4.22413793103448e-009 -0.00120397610934019 0.000759055464240564 -363553.349517587 -176650.281712559 1.36631649846744e-016 2.73263299693487e-017
4.24568965517241e-009 -0.00121181131083841 0.000755248346100207 -361729.911551402 -180402.99002311 1.36646207944456e-016 2.73292415888913e-017
4.26724137931034e-009 -0.00121960721410461 0.000751360350625571 -359867.736988009 -184136.876252063 1.36660767593334e-016 2.73321535186668e-017
4.28879310344827e-009 -0.00122736298429831 0.000747391883464966 -357967.020114662 -187851.540548476 1.36675328793542e-016 2.73350657587083e-017
4.31034482758621e-009 -0.0012350777907663 0.00074334335888418 -356027.959345998 -191546.585066893 1.36689891545244e-016 2.73379783090489e-017
4.33189655172414e-009 -0.00124275080713152 0.000739215199723255 -354050.757203336 -195221.61400996 1.36704455848608e-016 2.73408911697216e-017
4.35344827586207e-009 -0.00125038121138159 0.000735007837352351 -352035.620293536 -198876.233670807 1.36719021703798e-016 2.73438043407596e-017
4.375e-009 -0.00125796818595688 0.000730721711626687 -349982.75928742 -202510.052475223 1.36733589110979e-016 2.73467178221958e-017
4.39655172413793e-009 -0.00126551091783808 0.000726357270840583 -347892.388897759 -206122.681023606 1.36748158070317e-016 2.73496316140634e-017
4.41810344827586e-009 -0.00127300859863329 0.000721914971680592 -345764.727856823 -209713.732132683 1.36762728581977e-016 2.73525457163954e-017
4.43965517241379e-009 -0.00128046042466468 0.000717395279177732 -343599.998893508 -213282.820877005 1.36777300646124e-016 2.73554601292249e-017
4.46120689655172e-009 -0.00128786559705463 0.000712798666658831 -341398.428710026 -216829.564630195 1.36791874262925e-016 2.7358374852585e-017
4.48275862068966e-009 -0.00129522332181131 0.000708125615696973 -339160.247958176 -220353.583105968 1.36806449432544e-016 2.73612898865088e-017
4.50431034482759e-009 -0.00130253280991386 0.000703376616061069 -336885.691215187 -223854.498398895 1.36821026155147e-016 2.73642052310293e-017
4.52586206896552e-009 -0.00130979327739694 0.000698552165664541 -334574.996959144 -227331.935024927 1.36835604430899e-016 2.73671208861797e-017
4.54741379310345e-009 -0.00131700394543486 0.000693652770513142 -332228.40754399 -230785.519961655 1.36850184259965e-016 2.73700368519931e-017
4.56896551724138e-009 -0.00132416404042503 0.000688678944651899 -329846.169174122 -234214.882688324 1.36864765642512e-016 2.73729531285025e-017
4.59051724137931e-009 -0.00133127279407102 0.000683631210111202 -327428.531878563 -237619.655225575 1.36879348578705e-016 2.73758697157411e-017
4.61206896551724e-009 -0.00133832944346496 0.000678510096852031 -324975.749484731 -240999.472174924 1.3689393306871e-016 2.73787866137419e-017
4.63362068965518e-009 -0.00134533323116937 0.00067331614271033 -322488.0795918 -244353.970757971 1.36908519112691e-016 2.73817038225382e-017
4.65517241379311e-009 -0.0013522834052985 0.000668049893340546 -319965.783543651 -247682.790855334 1.36923106710815e-016 2.73846213421629e-017
4.67672413793104e-009 -0.00135917921959901 0.000662711902158319 -317409.126401428 -250985.575045301 1.36937695863246e-016 2.73875391726493e-017
4.69827586206897e-009 -0.00136601993353008 0.000657302730282342 -314818.376915691 -254261.968642202 1.36952286570152e-016 2.73904573140304e-017
4.7198275862069e-009 -0.00137280481234292 0.000651822946475398 -312193.807498172 -257511.619734492 1.36966878831697e-016 2.73933757663393e-017
4.74137931034483e-009 -0.00137953312715969 0.000646273127084569 -309535.694193141 -260734.179222544 1.36981472648046e-016 2.73962945296093e-017
4.76293103448276e-009 -0.00138620415505178 0.000640653855980635 -306844.316648384 -263929.300856142 1.36996068019367e-016 2.73992136038734e-017
4.78448275862069e-009 -0.00139281717911748 0.000634965724496666 -304119.958085782 -267096.641271681 1.37010664945824e-016 2.74021329891647e-017
4.80603448275863e-009 -0.00139937148855898 0.000629209331365811 -301362.905271524 -270235.860029058 1.37025263427582e-016 2.74050526855165e-017
4.82758620689656e-009 -0.0014058663787588 0.000623385282658288 -298573.448485923 -273346.619648258 1.37039863464809e-016 2.74079726929618e-017
4.84913793103449e-009 -0.00141230115135548 0.000617494191717593 -295751.881492864 -276428.585645627 1.37054465057669e-016 2.74108930115338e-017
4.87068965517242e-009 -0.00141867511431869 0.00061153667909592 -292898.501508873 -279481.426569832 1.37069068206328e-016 2.74138136412656e-017
4.89224137931035e-009 -0.00142498758202362 0.000605513372488811 -290013.609171821 -282504.8140375 1.37083672910952e-016 2.74167345821905e-017
4.91379310344828e-009 -0.00143123787532474 0.000599424906669038 -287097.508509247 -285498.422768533 1.37098279171707e-016 2.74196558343415e-017
4.93534482758621e-009 -0.00143742532162882 0.000593271923419716 -284150.506906334 -288461.930621096 1.37112886988759e-016 2.74225773977518e-017
4.95689655172414e-009 -0.00144354925496731 0.000587055071466675 -281172.91507351 -291395.01862628 1.37127496362273e-016 2.74254992724546e-017
4.97844827586208e-009 -0.00144960901606804 0.000580775006410074 -278165.047013698 -294297.371022423 1.37142107292415e-016 2.74284214584831e-017
5.00000000000001e-009 -0.00145560395242609 0.000574432390655281 -275127.219989206 -297168.675289096 1.37156719779352e-016 2.74313439558704e-017
5.02155172413794e-009 -0.00146153341837413 0.000568027893343015 -272059.754488276 -300008.622180748 1.37171333823248e-016 2.74342667646496e-017
5.04310344827587e-009 -0.0014673967751519 0.000561562190278775 -268962.974191275 -302816.905760006 1.37185949424271e-016 2.74371898848541e-017
5.0646551724138e-009 -0.00147319339097499 0.000555035963861534 -265837.205936551 -305593.223430624 1.37200566582585e-016 2.74401133165169e-017
5.08620689655173e-009 -0.00147892264110293 0.000548449903011736 -262682.779685939 -308337.275970081 1.37215185298356e-016 2.74430370596713e-017
5.10775862068966e-009 -0.00148458390790651 0.000541804703098587 -259500.028489943 -311048.767561821 1.37229805571752e-016 2.74459611143504e-017
5.1293103448276e-009 -0.00149017658093431 0.000535101065866652 -256289.288452574 -313727.405827139 1.37244427402937e-016 2.74488854805874e-017
5.15086206896553e-009 -0.00149570005697854 0.000528339699361757 -253050.898695865 -316372.901856697 1.37259050792078e-016 2.74518101584156e-017
5.17241379310346e-009 -0.00150115374014009 0.000521521317856224 -249785.201324059 -318984.970241676 1.3727367573934e-016 2.7454735147868e-017
5.19396551724139e-009 -0.00150653704189277 0.00051464664177343 -246492.541387477 -321563.329104564 1.3728830224489e-016 2.74576604489781e-017
5.21551724137932e-009 -0.00151184938114681 0.000507716397611693 -243173.266846065 -324107.700129562 1.37302930308894e-016 2.74605860617788e-017
5.23706896551725e-009 -0.00151709018431159 0.000500731317867522 -239827.728532627 -326617.80859262 1.37317559931517e-016 2.74635119863035e-017
5.25862068965518e-009 -0.00152225888535755 0.000493692140958198 -236456.280115755 -329093.383391089 1.37332191112927e-016 2.74664382225853e-017
5.28017241379311e-009 -0.00152735492587729 0.000486599611143735 -233059.278062445 -331534.157072998 1.37346823853288e-016 2.74693647706575e-017
5.30172413793105e-009 -0.00153237775514588 0.000479454478448196 -229637.081600412 -333939.865865934 1.37361458152767e-016 2.74722916305534e-017
5.32327586206898e-009 -0.00153732683018037 0.000472257498580396 -226190.052680112 -336310.249705544 1.3737609401153e-016 2.7475218802306e-017
5.34482758620691e-009 -0.00154220161579847 0.000465009432853983 -222718.555936462 -338645.052263636 1.37390731429744e-016 2.74781462859487e-017
5.36637931034484e-009 -0.00154700158467642 0.000457711048106922 -219222.958650278 -340944.020975892 1.37405370407573e-016 2.74810740815147e-017
5.38793103448277e-009 -0.00155172621740595 0.000450363116620373 -215703.630709423 -343206.907069176 1.37420010945186e-016 2.74840021890372e-017
5.4094827586207e-009 -0.00155637500255055 0.000442966416036985 -212160.944569669 -345433.465588451 1.37434653042747e-016 2.74869306085495e-017
5.43103448275863e-009 -0.00156094743670075 0.000435521729278613 -208595.275215292 -347623.455423278 1.37449296700424e-016 2.74898593400847e-017
5.45258620689657e-009 -0.00156544302452867 0.000428029844463457 -205007.00011938 -349776.639333922 1.37463941918381e-016 2.74927883836762e-017
5.4741379310345e-009 -0.00156986127884159 0.000420491554822639 -201396.499203884 -351892.78397704 1.37478588696786e-016 2.74957177393572e-017
5.49568965517243e-009 -0.00157420172063478 0.000412907658616238 -197764.154799395 -353971.659930957 1.37493237035805e-016 2.7498647407161e-017
5.51724137931036e-009 -0.00157846387914338 0.00040527895904876 -194110.351604664 -356013.041720534 1.37507886935604e-016 2.75015773871208e-017
5.53879310344829e-009 -0.00158264729189348 0.000397606264184093 -190435.476645867 -358016.707841606 1.37522538396349e-016 2.75045076792698e-017
5.56034482758622e-009 -0.00158675150475223 0.000389890386859921 -186739.919235611 -359982.440785013 1.37537191418207e-016 2.75074382836413e-017
5.58189655172415e-009 -0.00159077607197714 0.000382132144601623 -183024.070931699 -361910.027060196 1.37551846001343e-016 2.75103692002687e-017
5.60344827586208e-009 -0.00159472055626446 0.000374332359535671 -179288.325495651 -363799.257218377 1.37566502145926e-016 2.75133004291851e-017
5.62500000000002e-009 -0.00159858452879669 0.000366491858302516 -175533.078850978 -365649.925875302 1.37581159852119e-016 2.75162319704239e-017
5.64655172413795e-009 -0.00160236756928917 0.000358611471968996 -171758.729041231 -367461.831733561 1.37595819120091e-016 2.75191638240183e-017
5.66810344827588e-009 -0.00160606926603575 0.000350692035940256 -167965.676187815 -369234.77760447 1.37610479950008e-016 2.75220959900016e-017
5.68965517241381e-009 -0.00160968921595359 0.000342734389871194 -164154.322447575 -370968.570429523 1.37625142342035e-016 2.7525028468407e-017
5.71120689655174e-009 -0.00161322702462703 0.000334739377577454 -160325.071970166 -372663.021301394 1.3763980629634e-016 2.7527961259268e-017
5.73275862068967e-009 -0.00161668230635052 0.000326707846945959 -156478.3308552 -374317.945484517 1.37654471813089e-016 2.75308943626177e-017
5.7543103448276e-009 -0.00162005468417068 0.000318640649844999 -152614.507109189 -375933.162435209 1.37669138892447e-016 2.75338277784895e-017
5.77586206896553e-009 -0.00162334378992734 0.000310538642033896 -148734.010602268 -377508.495821352 1.37683807534583e-016 2.75367615069166e-017
5.79741379310347e-009 -0.00162654926429377 0.000302402683072229 -144837.253024729 -379043.773541635 1.37698477739662e-016 2.75396955479324e-017
5.8189655172414e-009 -0.00162967075681585 0.000294233636228659 -140924.647843345 -380538.827744338 1.37713149507851e-016 2.75426299015702e-017
5.84051724137933e-009 -0.00163270792595041 0.000286032368389341 -136996.610257504 -381993.494845673 1.37727822839316e-016 2.75455645678633e-017
5.86206896551726e-009 -0.00163566043910251 0.000277799749965943 -133053.557155158 -383407.615547663 1.37742497734225e-016 2.7548499546845e-017
5.88362068965519e-009 -0.00163852797266189 0.000269536654803278 -129095.90706858 -384781.034855577 1.37757174192743e-016 2.75514348385485e-017
5.90517241379312e-009 -0.00164131021203837 0.000261243960086563 -125124.080129945 -386113.602094903 1.37771852215037e-016 2.75543704430073e-017
5.92672413793105e-009 -0.00164400685169634 0.000252922546248311 -121138.498026738 -387405.170927859 1.37786531801274e-016 2.75573063602547e-017
5.94827586206899e-009 -0.00164661759518829 0.000244573296874866 -117139.583956986 -388655.599369451 1.3780121295162e-016 2.75602425903239e-017
5.96982758620692e-009 -0.00164914215518737 0.000236197098612593 -113127.762584329 -389864.749803061 1.37815895666242e-016 2.75631791332484e-017
5.99137931034485e-009 -0.00165158025351893 0.000227794841073734 -109103.459992926 -391032.488995583 1.37830579945307e-016 2.75661159890614e-017
6.01293103448278e-009 -0.00165393162119119 0.000219367416741933 -105067.103642211 -392158.688112077 1.37845265788982e-016 2.75690531577963e-017
6.03448275862071e-009 -0.00165619599842486 0.000210915720877448 -101019.12232149 -393243.222729973 1.37859953197432e-016 2.75719906394865e-017
6.05603448275864e-009 -0.00165837313468178 0.000202440651422061 -96959.9461043962 -394285.972852791 1.37874642170826e-016 2.75749284341652e-017
6.07758620689657e-009 -0.00166046278869266 0.000193943108903682 -92890.0063032043 -395286.822923405 1.37889332709329e-016 2.75778665418658e-017
6.0991379310345e-009 -0.00166246472848367 0.000185423996340677 -88809.7354230041 -396245.661836823 1.37904024813109e-016 2.75808049626217e-017
6.12068965517244e-009 -0.00166437873140227 0.000176884219145918 -84719.567115745 -397162.382952505 1.37918718482331e-016 2.75837436964663e-017
6.14224137931037e-009 -0.00166620458414184 0.000168324685030562 -80619.9361341526 -398036.884106197 1.37933413717164e-016 2.75866827434328e-017
6.1637931034483e-009 -0.00166794208276542 0.000159746303907584 -76511.2782855229 -398869.067621293 1.37948110517773e-016 2.75896221035547e-017
6.18534482758623e-009 -0.00166959103272847 0.000151149987795056 -72394.0303853997 -399658.840319727 1.37962808884326e-016 2.75925617768653e-017
6.20689655172416e-009 -0.00167115124890057 0.0001425366507192 -68268.6302111391 -400406.113532371 1.3797750881699e-016 2.7595501763398e-017
6.22844827586209e-009 -0.00167262255558615 0.000133907208617209 -64135.5164553667 -401110.803108971 1.37992210315931e-016 2.75984420631862e-017
6.25000000000002e-009 -0.00167400478654424 0.000125262579239861 -59995.1286793331 -401772.829427592 1.38006913381316e-016 2.76013826762632e-017
6.27155172413796e-009 -0.00167529778500716 0.000116603682053921 -55847.9072661703 -402392.117403583 1.38021618013312e-016 2.76043236026624e-017
6.29310344827589e-009 -0.00167650140369824 0.000107931438144361 -51694.2933740571 -402968.596498062 1.38036324212086e-016 2.76072648424173e-017
6.31465517241382e-009 -0.00167761550484854 9.92467701163858e-005 -47534.7288892961 -403502.200725916 1.38051031977806e-016 2.76102063955611e-017
6.33620689655175e-009 -0.00167863996021253 9.05506019972928e-005 -43369.6563793085 -403992.868663316 1.38065741310637e-016 2.76131482621274e-017
6.35775862068968e-009 -0.00167957465108278 8.18438591381696e-005 -39199.5190455505 -404440.543454749 1.38080452210747e-016 2.76160904421494e-017
6.37931034482761e-009 -0.00168041946830359 7.3127468115438e-005 -35024.7606763586 -404845.172819565 1.38095164678303e-016 2.76190329356606e-017
6.40086206896554e-009 -0.00168117431228368 6.44023566322577e-005 -30845.825599726 -405206.709058028 1.38109878713472e-016 2.76219757426944e-017
6.42241379310347e-009 -0.00168183909300781 5.56694534198002e-005 -26663.158636017 -405525.109056893 1.38124594316421e-016 2.76249188632842e-017
6.44396551724141e-009 -0.00168241373004738 4.69296881384016e-005 -22477.2050506239 -405800.334294487 1.38139311487317e-016 2.76278622974633e-017
6.46551724137934e-009 -0.00168289815257003 3.81839912786066e-005 -18288.4105065717 -406032.350845299 1.38154030226327e-016 2.76308060452653e-017
6.48706896551727e-009 -0.00168329229934818 2.94332940621131e-005 -14097.2210170745 -406221.129384091 1.38168750533618e-016 2.76337501067236e-017
6.5086206896552e-009 -0.00168359611876666 2.06785283426284e-005 -9904.08289805074 -406366.645189506 1.38183472409357e-016 2.76366944818714e-017
6.53017241379313e-009 -0.00168380956882911 1.19206265066477e-005 -5709.44272059997 -406468.878147198 1.38198195853712e-016 2.76396391707424e-017
6.55172413793106e-009 -0.00168393261716361 3.16052137416495e-006 -1513.74726344829 -406527.812752462 1.38212920866849e-016 2.76425841733698e-017
6.57327586206899e-009 -0.00168396524102705 -5.60085390067259e-006 2682.55653463395 -406543.43811238 1.38227647448936e-016 2.76455294897872e-017
6.59482758620692e-009 -0.00168390742730863 -1.43625659289566e-005 6879.02162243639 -406515.747947472 1.3824237560014e-016 2.76484751200279e-017
6.61637931034486e-009 -0.00168375917253228 -2.31236811864453e-005 11075.20088393 -406444.740592856 1.38257105320627e-016 2.76514210641255e-017
6.63793103448279e-009 -0.00168352048285806 -3.18832661130154e-005 15270.6471859002 -406330.418998919 1.38271836610566e-016 2.76543673221133e-017
6.65948275862072e-009 -0.0016831913740825 -4.06403872121301e-005 19464.9134255873 -406172.790731491 1.38286569470124e-016 2.76573138940248e-017
6.68103448275865e-009 -0.00168277187163798 -4.93941111503087e-005 23657.5525783285 -405971.867971535 1.38301303899467e-016 2.76602607798934e-017
6.70258620689658e-009 -0.00168226201059104 -5.81435048565918e-005 27848.1177451965 -405727.667514337 1.38316039898763e-016 2.76632079797526e-017
6.72413793103451e-009 -0.00168166183563963 -6.6887635621987e-005 32036.16220063 -405440.210768211 1.38330777468179e-016 2.76661554936359e-017
6.74568965517244e-009 -0.00168097140110945 -7.56255711988881e-005 36221.2394400509 -405109.523752707 1.38345516607883e-016 2.76691033215766e-017
6.76724137931038e-009 -0.0016801907709491 -8.43563799004551e-005 40402.9032274629 -404735.637096332 1.38360257318042e-016 2.76720514636083e-017
6.78879310344831e-009 -0.00167932001872437 -9.3079130699945e-005 44580.7076430263 -404318.586033776 1.38374999598823e-016 2.76749999197645e-017
6.81034482758624e-009 -0.00167835922761137 -0.000101792893329983 48754.2071306048 -403858.41040265 1.38389743450393e-016 2.76779486900786e-017
6.83189655172417e-009 -0.00167730849038873 -0.000110496738381764 52922.9565452777 -403355.15463973 1.3840448887292e-016 2.7680897774584e-017
6.8534482758621e-009 -0.0016761679094287 -0.000119189737404172 57086.5112008146 -402808.867776716 1.38419235866572e-016 2.76838471733143e-017
6.87500000000003e-009 -0.00167493759668731 -0.000127870963002809 61244.426917105 -402219.603435491 1.38433984431515e-016 2.7686796886303e-017
6.89655172413796e-009 -0.0016736176736934 -0.000136539488938918 65396.26006754 -401587.419822902 1.38448734567917e-016 2.76897469135834e-017
6.91810344827589e-009 -0.00167220827153678 -0.000145194390228205 69541.5676263392 -400912.379725046 1.38463486275946e-016 2.76926972551892e-017
6.93965517241383e-009 -0.00167070953085517 -0.000153834743239521 73679.9072158196 -400194.550501064 1.38478239555769e-016 2.76956479111538e-017
6.96120689655176e-009 -0.00166912160182035 -0.000162459625793423 77810.8371535998 -399434.004076457 1.38492994407553e-016 2.76985988815106e-017
6.98275862068969e-009 -0.00166744464412308 -0.000171068117260588 81933.9164997351 -398630.816935905 1.38507750831466e-016 2.77015501662933e-017
7.00431034482762e-009 -0.00166567882695713 -0.000179659298660069 86048.7051037791 -397785.070115604 1.38522508827676e-016 2.77045017655352e-017
7.02586206896555e-009 -0.00166382432900231 -0.000188232252757388 90154.7636517656 -396896.849195115 1.3853726839635e-016 2.770745367927e-017
7.04741379310348e-009 -0.00166188133840637 -0.000196786064162455 94251.6537131068 -395966.244288736 1.38552029537655e-016 2.7710405907531e-017
7.06896551724141e-009 -0.001659850052766 -0.000205319819427298 98338.937787402 -394993.350036375 1.3856679225176e-016 2.77133584503519e-017
7.09051724137934e-009 -0.00165773067910679 -0.000213832607143599 102416.179351152 -393978.265593953 1.38581556538831e-016 2.77163113077661e-017
7.11206896551728e-009 -0.00165552343386215 -0.000222323518040021 106482.942904377 -392921.094623322 1.38596322399036e-016 2.77192644798072e-017
7.13362068965521e-009 -0.00165322854285128 -0.000230791645079317 110538.794017123 -391821.945281693 1.38611089832543e-016 2.77222179665087e-017
7.15517241379314e-009 -0.00165084624125608 -0.000239236083555215 114583.299375872 -390680.930210599 1.3862585883952e-016 2.7725171767904e-017
7.17672413793107e-009 -0.00164837677359712 -0.000247655931189064 118616.026829821 -389498.166524365 1.38640629420134e-016 2.77281258840269e-017
7.198275862069e-009 -0.00164582039370855 -0.000256050288226227 122636.545437062 -388273.775798108 1.38655401574553e-016 2.77310803149106e-017
7.21982758620693e-009 -0.00164317736471206 -0.000264418257532221 126644.42551062 -387007.884055261 1.38670175302945e-016 2.77340350605889e-017
7.24137931034486e-009 -0.00164044795898985 -0.000272758944688584 130639.23866437 -385700.621754613 1.38684950605476e-016 2.77369901210953e-017
7.2629310344828e-009 -0.00163763245815656 -0.000281071458088468 134620.557858826 -384352.123776887 1.38699727482316e-016 2.77399454964632e-017
7.28448275862073e-009 -0.00163473115303029 -0.000289354909031936 138587.95744678 -382962.529410839 1.38714505933632e-016 2.77429011867263e-017
7.30603448275866e-009 -0.00163174434360256 -0.000297608411820962 142541.013218805 -381531.982338881 1.38729285959591e-016 2.77458571919181e-017
7.32758620689659e-009 -0.00162867233900733 -0.000305831083854128 146479.302448608 -380060.630622248 1.38744067560361e-016 2.77488135120721e-017
7.34913793103452e-009 -0.00162551545748904 -0.000314022045720987 150402.403938229 -378548.626685681 1.3875885073611e-016 2.7751770147222e-017
7.37068965517245e-009 -0.00162227402636968 -0.000322180421296109 154309.898063083 -376996.127301657 1.38773635487006e-016 2.77547270974012e-017
7.39224137931038e-009 -0.00161894838201487 -0.000330305337832783 158201.366816837 -375403.293574145 1.38788421813217e-016 2.77576843626434e-017
7.41379310344831e-009 -0.00161553886979899 -0.000338395926056364 162076.393856124 -373770.290921902 1.38803209714911e-016 2.77606419429821e-017
7.43534482758625e-009 -0.00161204584406934 -0.000346451320257267 165934.564545077 -372097.289061309 1.38817999192254e-016 2.77635998384509e-017
7.45689655172418e-009 -0.00160846966810931 -0.000354470658383588 169775.465999696 -370384.461988742 1.38832790245417e-016 2.77665580490833e-017
7.47844827586211e-009 -0.0016048107141007 -0.000362453082133345 173598.687132024 -368631.987962495 1.38847582874565e-016 2.7769516574913e-017
7.50000000000004e-009 -0.00160106936308492 -0.00037039773704633 177403.818694138 -366840.049484235 1.38862377079868e-016 2.77724754159735e-017
7.52155172413797e-009 -0.00159724600492341 -0.000378303772595559 181190.453321955 -365008.83328001 1.38877172861492e-016 2.77754345722984e-017
7.5431034482759e-009 -0.00159334103825699 -0.000386170342278318 184958.185578836 -363138.530280805 1.38891970219607e-016 2.77783940439214e-017
7.56465517241383e-009 -0.00158935487046434 -0.000393996603706784 188706.611998986 -361229.335602645 1.38906769154379e-016 2.77813538308759e-017
7.58620689655176e-009 -0.00158528791761954 -0.00040178171869822 192435.331130661 -359281.448526253 1.38921569665978e-016 2.77843139331956e-017
7.60775862068969e-009 -0.00158114060444862 -0.000409524853364734 196143.943579151 -357295.072476257 1.38936371754571e-016 2.77872743509142e-017
7.62931034482762e-009 -0.00157691336428527 -0.000417225178202585 199832.052049558 -355270.414999959 1.38951175420326e-016 2.77902350840651e-017
7.65086206896555e-009 -0.00157260663902558 -0.000424881868181032 203499.261389349 -353207.687745663 1.3896598066341e-016 2.77931961326821e-017
7.67241379310348e-009 -0.00156822087908185 -0.000432494102830723 207145.17863069 -351107.106440553 1.38980787483993e-016 2.77961574967987e-017
7.69396551724141e-009 -0.0015637565433355 -0.000440061066331597 210769.41303255 -348968.890868149 1.38995595882243e-016 2.77991191764485e-017
7.71551724137934e-009 -0.00155921409908911 -0.000447581947600307 214371.576122567 -346793.26484532 1.39010405858326e-016 2.78020811716652e-017
7.73706896551727e-009 -0.0015545940220175 -0.000455055940377146 217951.281738689 -344580.456198863 1.39025217412412e-016 2.78050434824824e-017
7.7586206896552e-009 -0.00154989679611796 -0.000462482243312466 221508.146070559 -342330.696741658 1.39040030544669e-016 2.78080061089337e-017
7.78017241379313e-009 -0.00154512291365954 -0.000469860060052588 225041.787700663 -340044.222248391 1.39054845255264e-016 2.78109690510528e-017
7.80172413793106e-009 -0.00154027287513151 -0.000477188599325183 228551.827645225 -337721.272430858 1.39069661544366e-016 2.78139323088733e-017
7.82327586206899e-009 -0.00153534718919088 -0.000484467075024124 232037.88939485 -335362.090912839 1.39084479412144e-016 2.78168958824287e-017
7.84482758620693e-009 -0.00153034637260909 -0.000491694706293797 235499.598954897 -332966.925204559 1.39099298858764e-016 2.78198597717529e-017
7.86637931034486e-009 -0.00152527095021783 -0.000498870717612861 238936.584885605 -330536.02667673 1.39114119884397e-016 2.78228239768793e-017
7.88793103448279e-009 -0.00152012145485391 -0.000505994338877445 242348.478341936 -328069.650534179 1.39128942489209e-016 2.78257884978417e-017
7.90948275862072e-009 -0.00151489842730344 -0.000513064805483785 245734.913113153 -325568.055789062 1.39143766673369e-016 2.78287533346737e-017
7.93103448275865e-009 -0.00150960241624497 -0.000520081358410274 249095.525662125 -323031.505233673 1.39158592437045e-016 2.7831718487409e-017
7.95258620689658e-009 -0.0015042339781919 -0.000527043244298931 252429.955164339 -320460.26541285 1.39173419780406e-016 2.78346839560812e-017
7.97413793103451e-009 -0.00149879367743405 -0.000533949715536276 255737.843546641 -317854.606595969 1.3918824870362e-016 2.7837649740724e-017
7.99568965517244e-009 -0.0014932820859783 -0.000540800030333603 259018.835525678 -315214.802748546 1.39203079206855e-016 2.7840615841371e-017
8.01724137931037e-009 -0.00148769978348853 -0.000547593452806632 262272.578646056 -312541.131503443 1.3921791129028e-016 2.7843582258056e-017
8.0387931034483e-009 -0.0014820473572246 -0.000554329253054551 265498.723318188 -309833.874131669 1.39232744954063e-016 2.78465489908126e-017
8.06034482758623e-009 -0.00147632540198068 -0.000561006707238424 268696.922855854 -307093.315512806 1.39247580198372e-016 2.78495160396744e-017
8.08189655172416e-009 -0.00147053452002258 -0.000567625097658958 271866.833513447 -304319.744105037 1.39262417023376e-016 2.78524834046752e-017
8.10344827586209e-009 -0.00146467532102444 -0.000574183712833636 275008.114522914 -301513.451914791 1.39277255429243e-016 2.78554510858487e-017
8.12500000000002e-009 -0.00145874842200455 -0.000580681847573179 278120.42813038 -298674.734466008 1.39292095416142e-016 2.78584190832284e-017
8.14655172413795e-009 -0.00145275444726036 -0.00058711880305736 281203.439632459 -295803.890769028 1.39306936984241e-016 2.78613873968482e-017
8.16810344827588e-009 -0.00144669402830277 -0.000593493886910141 284256.817412241 -292901.223289098 1.39321780133709e-016 2.78643560267417e-017
8.18965517241381e-009 -0.00144056780378957 -0.00059980641327413 287280.232974952 -289967.037914519 1.39336624864713e-016 2.78673249729427e-017
8.21120689655174e-009 -0.00143437641945821 -0.000606055702884356 290273.360983294 -287001.643924414 1.39351471177424e-016 2.78702942354847e-017
8.23275862068967e-009 -0.00142812052805771 -0.000612241083141348 293235.879292439 -284005.353956136 1.39366319072008e-016 2.78732638144016e-017
8.2543103448276e-009 -0.00142180078927986 -0.000618361888183506 296167.468984699 -280978.483972315 1.39381168548635e-016 2.7876233709727e-017
8.27586206896553e-009 -0.00141541786968967 -0.000624417458958772 299067.814403846 -277921.353227547 1.39396019607473e-016 2.78792039214946e-017
8.29741379310347e-009 -0.0014089724426551 -0.000630407143295572 301936.603189097 -274834.284234727 1.39410872248691e-016 2.78821744497382e-017
8.3189655172414e-009 -0.00140246518827603 -0.000636330295973045 304773.526308745 -271717.602731034 1.39425726472458e-016 2.78851452944915e-017
8.34051724137933e-009 -0.00139589679331248 -0.000642186278790524 307578.278093441 -268571.637643565 1.39440582278941e-016 2.78881164557882e-017
8.36206896551726e-009 -0.00138926795111219 -0.00064797446063629 310350.556269121 -265396.72105463 1.3945543966831e-016 2.78910879336621e-017
8.38362068965519e-009 -0.00138257936153742 -0.000653694217555571 313090.061989578 -262193.188166704 1.39470298640734e-016 2.78940597281468e-017
8.40517241379312e-009 -0.0013758317308911 -0.000659344932817785 315796.499868664 -258961.377267044 1.3948515919638e-016 2.78970318392761e-017
8.42672413793105e-009 -0.0013690257718422 -0.000664925996983023 318469.578012137 -255701.62969197 1.39500021335419e-016 2.79000042670837e-017
8.44827586206898e-009 -0.00136216220335056 -0.000670436807967763 321109.00804913 -252414.289790826 1.39514885058017e-016 2.79029770116035e-017
8.46982758620691e-009 -0.00135524175059088 -0.000675876771109807 323714.505163259 -249099.704889606 1.39529750364345e-016 2.7905950072869e-017
8.49137931034484e-009 -0.00134826514487616 -0.000681245299232428 326285.78812334 -245758.225254268 1.39544617254571e-016 2.79089234509142e-017
8.51293103448277e-009 -0.0013412331235804 -0.000686541812707735 328822.579313743 -242390.204053721 1.39559485728863e-016 2.79118971457727e-017
8.5344827586207e-009 -0.0013341464300607 -0.000691765739519238 331324.604764356 -238995.997322509 1.39574355787391e-016 2.79148711574782e-017
8.55603448275863e-009 -0.00132700581357871 -0.000696916515323602 333791.594180161 -235575.963923177 1.39589227430323e-016 2.79178454860646e-017
8.57758620689656e-009 -0.00131981202922138 -0.000701993583511602 336223.280970432 -232130.465508339 1.39604100657828e-016 2.79208201315657e-017
8.59913793103449e-009 -0.00131256583782116 -0.000706996395268247 338619.402277528 -228659.866482439 1.39618975470075e-016 2.79237950940151e-017
8.62068965517242e-009 -0.00130526800587552 -0.000711924409632093 340979.699005303 -225164.533963218 1.39633851867233e-016 2.79267703734466e-017
8.64224137931035e-009 -0.00129791930546592 -0.000716777093553714 343303.915847113 -221644.837742886 1.3964872984947e-016 2.79297459698941e-017
8.66379310344828e-009 -0.00129052051417611 -0.000721553921953345 345591.801313419 -218101.150249004 1.39663609416956e-016 2.79327218833913e-017
8.68534482758621e-009 -0.00128307241500988 -0.000726254377777677 347843.107758996 -214533.846505089 1.3967849056986e-016 2.79356981139719e-017
8.70689655172414e-009 -0.00127557579630817 -0.000730877952055804 350057.591409724 -210943.304090923 1.39693373308349e-016 2.79386746616699e-017
8.72844827586208e-009 -0.00126803145166572 -0.000735424143954315 352235.012388977 -207329.903102601 1.39708257632594e-016 2.79416515265188e-017
8.75000000000001e-009 -0.001260440179847 -0.000739892460831527 354375.134743595 -203694.026112297 1.39723143542763e-016 2.79446287085527e-017
8.77155172413794e-009 -0.00125280278470166 -0.000744282418290843 356477.726469446 -200036.058127765 1.39738031039026e-016 2.79476062078052e-017
8.79310344827587e-009 -0.00124512007507947 -0.000748593540233252 358542.559536565 -196356.386551576 1.3975292012155e-016 2.79505840243101e-017
8.8146551724138e-009 -0.00123739286474463 -0.000752825358908933 360569.409913874 -192655.401140097 1.39767810790506e-016 2.79535621581013e-017
8.83620689655173e-009 -0.00122962197228959 -0.000756977414967986 362558.05759348 -188933.49396221 1.39782703046062e-016 2.79565406092125e-017
8.85775862068966e-009 -0.00122180822104835 -0.000761049257510275 364508.286614541 -185191.059357788 1.39797596888388e-016 2.79595193776776e-017
8.87931034482759e-009 -0.00121395243900925 -0.000765040444134366 366419.885086716 -181428.493895915 1.39812492317652e-016 2.79624984635304e-017
8.90086206896552e-009 -0.00120605545872721 -0.000768950540985571 368292.645213166 -177646.196332874 1.39827389334023e-016 2.79654778668046e-017
8.92241379310345e-009 -0.00119811811723554 -0.00077277912280309 370126.363313138 -173844.567569887 1.39842287937671e-016 2.79684575875342e-017
8.94396551724138e-009 -0.00119014125595724 -0.000776525772966234 371920.839844105 -170024.010610634 1.39857188128765e-016 2.7971437625753e-017
8.96551724137931e-009 -0.00118212572061578 -0.000780190083539739 373675.879423463 -166184.930518532 1.39872089907473e-016 2.79744179814947e-017
8.98706896551724e-009 -0.00117407236114544 -0.000783771655318155 375391.290849799 -162327.734373797 1.39886993273966e-016 2.79773986547932e-017
9.00862068965517e-009 -0.00116598203160127 -0.000787270097869315 377066.887123705 -158452.831230284 1.39901898228412e-016 2.79803796456823e-017
9.0301724137931e-009 -0.00115785559006843 -0.000790685029576864 378702.485468149 -154560.632072113 1.3991680477098e-016 2.7983360954196e-017
9.05172413793103e-009 -0.00114969389857127 -0.000794016077681867 380297.907348406 -150651.549770084 1.3993171290184e-016 2.79863425803679e-017
9.07327586206896e-009 -0.00114149782298186 -0.000797262878323463 381852.978491526 -146725.999037887 1.3994662262116e-016 2.79893245242321e-017
9.09482758620689e-009 -0.00113326823292817 -0.00080042507657859 383367.528905362 -142784.396388111 1.39961533929111e-016 2.79923067858222e-017
9.11637931034482e-009 -0.00112500600170176 -0.000803502326500748 384841.392897136 -138827.160088053 1.39976446825861e-016 2.79952893651722e-017
9.13793103448275e-009 -0.00111671200616518 -0.000806494291157818 386274.409091551 -134854.710115345 1.3999136131158e-016 2.7998272262316e-017
9.15948275862068e-009 -0.0011083871266589 -0.000809400642668924 387666.420448449 -130867.468113382 1.40006277386437e-016 2.80012554772873e-017
9.18103448275862e-009 -0.00110003224690785 -0.000812221062240333 389017.274280002 -126865.857346575 1.400211950506e-016 2.80042390101201e-017
9.20258620689655e-009 -0.00109164825392768 -0.000814955240200389 390326.822267447 -122850.302655426 1.40036114304241e-016 2.80072228608482e-017
9.22413793103448e-009 -0.00108323603793054 -0.00081760287603348 391594.920477353 -118821.230411428 1.40051035147528e-016 2.80102070295055e-017
9.24568965517241e-009 -0.0010747964922306 -0.000820163678413037 392821.429377427 -114779.068471798 1.4006595758063e-016 2.80131915161259e-017
9.26724137931034e-009 -0.00106633051314918 -0.00082263736523355 394006.213851845 -110724.24613405 1.40080881603716e-016 2.80161763207432e-017
9.28879310344827e-009 -0.00105783899991962 -0.000825023663641611 395149.143216127 -106657.194090402 1.40095807216957e-016 2.80191614433914e-017
9.3103448275862e-009 -0.00104932285459169 -0.000827322310065973 396250.091231527 -102578.344382039 1.40110734420521e-016 2.80221468841043e-017
9.33189655172413e-009 -0.00104078298193583 -0.000829533050246621 397308.936118957 -98488.1303532203 1.40125663214579e-016 2.80251326429158e-017
9.35344827586206e-009 -0.00103222028934706 -0.000831655639262854 398325.560572445 -94386.9866052446 1.40140593599299e-016 2.80281187198597e-017
9.37499999999999e-009 -0.00102363568674852 -0.000833689841560381 399299.851772104 -90275.3489502801 1.40155525574851e-016 2.80311051149701e-017
9.39655172413792e-009 -0.00101503008649481 -0.000835635430977413 400231.701396631 -86153.6543650556 1.40170459141404e-016 2.80340918282808e-017
9.41810344827585e-009 -0.00100640440327505 -0.000837492190769763 401121.005635332 -82022.3409444256 1.40185394299129e-016 2.80370788598257e-017
9.43965517241378e-009 -0.000997759554015673 -0.000839259913634945 401967.665199662 -77881.84785481 1.40200331048194e-016 2.80400662096387e-017
9.46120689655171e-009 -0.000989096457782921 -0.000840938401735264 402771.585334282 -73732.6152875153 1.40215269388769e-016 2.80430538777537e-017
9.48275862068964e-009 -0.0009804160356852 -0.000842527466719908 403532.675827645 -69575.0844119415 1.40230209321023e-016 2.80460418642047e-017
9.50431034482757e-009 -0.000971719210775121 -0.000844026929746028 404250.851022087 -65409.6973286796 1.40245150845128e-016 2.80490301690255e-017
9.5258620689655e-009 -0.000963006907951369 -0.000845436621498801 404926.029823442 -61236.897022505 1.40260093961251e-016 2.80520187922501e-017
9.54741379310343e-009 -0.000954280053860347 -0.000846756382210493 405558.135710167 -57057.1273152719 1.40275038669562e-016 2.80550077339124e-017
9.56896551724136e-009 -0.000945539576797628 -0.000847986061678495 406147.096741984 -52870.832818713 1.40289984970232e-016 2.80579969940463e-017
9.59051724137929e-009 -0.000936786406609223 -0.000849125519282346 406692.84556803 -48678.4588871507 1.40304932863429e-016 2.80609865726858e-017
9.61206896551722e-009 -0.000928021474592671 -0.000850174623999742 407195.319434529 -44480.4515701233 1.40319882349324e-016 2.80639764698648e-017
9.63362068965516e-009 -0.000919245713397961 -0.000851133254421512 407654.46019196 -40277.2575649326 1.40334833428086e-016 2.80669666856173e-017
9.65517241379309e-009 -0.000910460056928307 -0.000852001298765583 408070.214301751 -36069.3241691177 1.40349786099886e-016 2.80699572199771e-017
9.67672413793102e-009 -0.000901665440240769 -0.000852778654889918 408442.532842469 -31857.0992328589 1.40364740364892e-016 2.80729480729783e-017
9.69827586206895e-009 -0.00089286279944675 -0.000853465230304419 408771.371515527 -27641.0311113185 1.40379696223274e-016 2.80759392446548e-017
9.71982758620688e-009 -0.000884053071612364 -0.000854060942181818 409056.690650397 -23421.5686169224 1.40394653675202e-016 2.80789307350405e-017
9.74137931034481e-009 -0.000875237194658692 -0.000854565717367528 409298.455209331 -19199.1609715876 1.40409612720847e-016 2.80819225441694e-017
9.76293103448274e-009 -0.000866416107261939 -0.000854979492388467 409496.634791583 -14974.2577589016 1.40424573360377e-016 2.80849146720754e-017
9.78448275862067e-009 -0.0008575907487535 -0.000855302213460857 409651.203637147 -10747.3088762574 1.40439535593963e-016 2.80879071187926e-017
9.8060344827586e-009 -0.00084876205901994 -0.000855533836496983 409762.140629997 -6518.76448695075 1.40454499421775e-016 2.80908998843549e-017
9.82758620689653e-009 -0.000839930978402914 -0.000855674327110926 409829.429300827 -2289.07497224348 1.40469464843981e-016 2.80938929687963e-017
9.84913793103446e-009 -0.000831098447599017 -0.000855723660623259 409853.057829303 1941.30911660143 1.40484431860753e-016 2.80968863721507e-017
9.87068965517239e-009 -0.000822265407559593 -0.000855681822064712 409833.019045821 6171.93710630792 1.40499400472261e-016 2.80998800944521e-017
9.89224137931032e-009 -0.000813432799390502 -0.0008555488061788 409769.310432761 10402.3582495931 1.40514370678673e-016 2.81028741357346e-017
9.91379310344825e-009 -0.000804601564251865 -0.000855324617423421 409661.934125256 14632.1217731864 1.4052934248016e-016 2.8105868496032e-017
9.93534482758618e-009 -0.000795772643257786 -0.000855009269971413 409510.896911454 18860.7769258568 1.40544315876892e-016 2.81088631753784e-017
9.95689655172411e-009 -0.000786946977376073 -0.000854602787710079 409316.2102323 23087.8730264426 1.40559290869039e-016 2.81118581738079e-017
9.97844827586204e-009 -0.000778125507327964 -0.000854105204239682 409077.890180802 27312.959511879 1.40574267456771e-016 2.81148534913543e-017
9.99999999999997e-009 -0.00076930917348786 -0.000853516562870892 408795.95750082 31535.585985218 1.40589245640258e-016 2.81178491280516e-017
