0 0 0 0 400000 1.33808e-016 2.67616e-017
1e-010 -9.57360799775027e-007 3.99770733667135e-005 -19147.2159955005 399541.46733427 1.33808e-016 2.67616e-017
2e-010 -3.82724829310218e-006 7.98624927633324e-005 -38250.5338710425 398166.920598108 1.33808e-016 2.67616e-017
3e-010 -8.60308279416815e-006 0.000119564814351458 -57266.156150277 395879.51116441 1.33808e-016 2.67616e-017
4e-010 -1.52739149223486e-005 0.000158993014074324 -76150.4864133331 392684.483292901 1.33808e-016 2.67616e-017
5e-010 -2.38244507054518e-005 0.00019805669634431 -94860.2292487305 388589.162106817 1.33808e-016 2.67616e-017
6e-010 -3.42350866436475e-005 0.000236666301289594 -113352.489515182 383602.93679886 1.33808e-016 2.67616e-017
7e-010 -4.64819546536921e-005 0.000274733310084784 -131584.870685711 377737.239104943 1.33808e-016 2.67616e-017
8e-010 -6.05369767904084e-005 0.000312170447894784 -149515.572048614 371005.517095064 1.33808e-016 2.67616e-017
9e-010 -7.636792961996e-005 0.000348891883966608 -167103.484542419 363423.204341415 1.33808e-016 2.67616e-017
1e-009 -9.39385180973371e-005 0.000384813428410398 -184308.285005124 355007.684534391 1.33808e-016 2.67616e-017
1.1e-009 -0.000113208458778675 0.0004198527252185 -201090.528621631 345778.251627648 1.33808e-016 2.67616e-017
1.2e-009 -0.000134133572177628 0.00045392944108006 -217411.739357429 335756.065603553 1.33808e-016 2.67616e-017
1.3e-009 -0.000156665884054059 0.000486965449558262 -233234.498171185 324964.103960477 1.33808e-016 2.67616e-017
1.4e-009 -0.000180753735402818 0.000518885010207942 -248522.528804007 313427.109033123 1.33808e-016 2.67616e-017
1.5e-009 -0.000206341900890453 0.000549614942222932 -263240.780948697 301171.531266685 1.33808e-016 2.67616e-017
1.6e-009 -0.000233371715468303 0.00057908479221501 -277355.510608301 288225.468574879 1.33808e-016 2.67616e-017
1.7e-009 -0.000261781208871705 0.000607226995739799 -290834.357459735 274618.601920888 1.33808e-016 2.67616e-017
1.8e-009 -0.000291505247696948 0.000633977032199288 -303646.419045109 260382.127268908 1.33808e-016 2.67616e-017
1.9e-009 -0.000322475684730236 0.000659273572765849 -315762.321620663 245548.684062303 1.33808e-016 2.67616e-017
2e-009 -0.000354621515186313 0.000683058620988582 -327154.287500869 230152.28039235 1.33808e-016 2.67616e-017
2.1e-009 -0.000387869039498522 0.000705277645759656 -337796.19874331 214228.215029137 1.33808e-016 2.67616e-017
2.2e-009 -0.000422142032287104 0.000725879706335781 -347663.657028336 197812.996493364 1.33808e-016 2.67616e-017
2.3e-009 -0.00045736191711833 0.000744817569128179 -356734.039596188 180944.259354601 1.33808e-016 2.67616e-017
2.4e-009 -0.000493447946653808 0.000762047815993303 -364986.551113378 163660.677947886 1.33808e-016 2.67616e-017
2.5e-009 -0.000530317387776946 0.000777530943776023 -372402.271349379 146001.877706498 1.33808e-016 2.67616e-017
2.6e-009 -0.000567885711272133 0.000791231454877056 -378964.198554352 128008.344314178 1.33808e-016 2.67616e-017
2.7e-009 -0.000606066785621772 0.00080311793863702 -384657.288438429 109721.330885088 1.33808e-016 2.67616e-017
2.8e-009 -0.000644773074476854 0.000813163143350489 -389468.488663205 91182.7633843071 1.33808e-016 2.67616e-017
2.9e-009 -0.000683915837348332 0.00082134403874499 -393386.768766359 72435.1445057102 1.33808e-016 2.67616e-017
3e-009 -0.000723405333059189 0.000827641868781656 -396403.145450786 53521.4562275997 1.33808e-016 2.67616e-017
3.1e-009 -0.000763151025490742 0.000832042194656511 -398510.703180277 34485.0612695002 1.33808e-016 2.67616e-017
3.2e-009 -0.000803061791151482 0.000834534927903788 -399704.610034512 15369.6036760419 1.33808e-016 2.67616e-017
3.3e-009 -0.000843046128092559 0.000835114353525383 -399982.128787029 -3781.09124414038 1.33808e-016 2.67616e-017
3.4e-009 -0.000883012365690948 0.000833779143093422 -399342.623180761 -22923.1173950849 1.33808e-016 2.67616e-017
3.5e-009 -0.000922868874819324 0.000830532357795897 -397787.559386759 -42012.5885553994 1.33808e-016 2.67616e-017
3.6e-009 -0.0009625242779208 0.000825381441418398 -395320.502642759 -61005.7389945913 1.33808e-016 2.67616e-017
3.7e-009 -0.0010018876585069 0.000818338203278011 -391947.109079286 -79859.0238131531 1.33808e-016 2.67616e-017
3.8e-009 -0.00104086876959847 0.000809418791148535 -387675.112752058 -98529.2187763568 1.33808e-016 2.67616e-017
3.9e-009 -0.00107937824063159 0.000798643654239074 -382514.307910392 -116973.519412871 1.33808e-016 2.67616e-017
4e-009 -0.00111732778235423 0.00078603749631088 -376476.526542297 -135149.639151005 1.33808e-016 2.67616e-017
4.1e-009 -0.00115463038924373 0.000771629219039951 -369575.611247701 -153015.906267577 1.33808e-016 2.67616e-017
4.2e-009 -0.00119120053898121 0.000755451855755214 -361827.383502034 -170531.35942715 1.33808e-016 2.67616e-017
4.3e-009 -0.00122695438852546 0.000737542495704228 -353249.607382911 -187655.841592578 1.33808e-016 2.67615999999999e-017
4.4e-009 -0.00126180996633676 0.00071794219902002 -343861.948843081 -204350.092091581 1.33808e-016 2.67615999999999e-017
4.5e-009 -0.00129568736031007 0.000696695902584029 -333685.930623021 -220575.83662824 1.33808e-016 2.67616e-017
4.6e-009 -0.00132850890098654 0.000673852317000963 -322744.882906536 -236295.875033074 1.33808e-016 2.67615999999999e-017
4.7e-009 -0.00136019933962349 0.000649463814921784 -311063.889832501 -251474.166550509 1.33808e-016 2.67615999999999e-017
4.8e-009 -0.00139068602071439 0.000623586310970849 -298669.73198538 -266075.912468192 1.33808e-016 2.67616e-017
4.9e-009 -0.00141989904856348 0.000596279133552504 -285590.824996359 -280067.635898721 1.33808e-016 2.67616e-017
5e-009 -0.00144777144753309 0.000567604888831023 -271857.15439587 -293417.258530884 1.33808e-016 2.67615999999999e-017
5.1e-009 -0.00147423931559622 0.000537629317195758 -257500.206866867 -306094.17417442 1.33808e-016 2.67615999999999e-017
5.2e-009 -0.00149924197084239 0.000506421142540552 -242552.89805646 -318069.318929714 1.33808e-016 2.67615999999999e-017
5.3e-009 -0.00152272209060079 0.000474051914702989 -227049.497111422 -329315.237821529 1.33808e-016 2.67615999999999e-017
5.4e-009 -0.00154462584286189 0.000440595845424712 -211025.548110568 -339806.147744025 1.33808e-016 2.67615999999999e-017
5.5e-009 -0.00156490300969612 0.000406129638208874 -194517.788574153 -349517.996572738 1.33808e-016 2.67615999999999e-017
5.6e-009 -0.00158350710238668 0.000370732312464836 -177564.065237104 -358428.518308007 1.33808e-016 2.67615999999999e-017
5.7e-009 -0.0016003954680125 0.000334485022343266 -160203.2472792 -366517.284123408 1.33808e-016 2.67615999999999e-017
5.8e-009 -0.00161552938723702 0.000297470870676986 -142475.137211128 -373765.749202184 1.33808e-016 2.67615999999999e-017
5.9e-009 -0.00162887416307861 0.000259774718454164 -124420.379620728 -380157.295254258 1.33808e-016 2.67615999999999e-017
6e-009 -0.00164039920045908 0.000221482990260632 -106080.367988635 -385677.268616385 1.33808e-016 2.67615999999999e-017
6.1e-009 -0.00165007807634786 0.000182683476137409 -87497.1497869653 -390313.013848061 1.33808e-016 2.67615999999999e-017
6.2e-009 -0.00165788860034114 0.000143465130307697 -68713.3300786172 -394053.902746194 1.33808e-016 2.67615999999999e-017
6.3e-009 -0.00166381286553698 0.000103917867234788 -49771.9738382086 -396891.358711988 1.33808e-016 2.67615999999999e-017
6.4e-009 -0.00166783728958982 6.41323554784778e-005 -30716.5072185866 -398818.876414207 1.33808e-016 2.67615999999999e-017
6.5e-009 -0.00166995264585021 2.41998098225826e-005 -11590.6179892804 -399832.036703697 1.33808e-016 2.67615999999999e-017
6.6e-009 -0.00167015408451843 -1.57882178498531e-005 7561.84462484629 -399928.516745017 1.33808e-016 2.67615999999999e-017
6.7e-009 -0.00166844114376343 -5.57400484541996e-005 26696.9704751046 -399108.095341915 1.33808e-016 2.67615999999999e-017
6.8e-009 -0.00166481775078167 -9.55640858935182e-005 45770.8891601686 -397372.653444455 1.33808e-016 2.67615999999999e-017
6.9e-009 -0.00165929221279336 -0.000135169027057573 64739.8706061354 -394726.169836636 1.33808e-016 2.67615999999999e-017
7e-009 -0.00165187719799681 -0.000174464071150123 83560.4253248621 -391174.712014373 1.33808e-016 2.67615999999999e-017
7.1e-009 -0.00164258970652453 -0.000213359127864581 102189.40412072 -386726.42227478 1.33808e-016 2.67615999999999e-017
7.2e-009 -0.00163145103146763 -0.000251765023930751 120584.097017174 -381391.499048618 1.33808e-016 2.67615999999999e-017
7.3e-009 -0.00161848671005795 -0.000289593707559118 138702.331176378 -375182.173518729 1.33808e-016 2.67615999999999e-017
7.4e-009 -0.00160372646511977 -0.000326758450313957 156502.567587296 -368112.681578051 1.33808e-016 2.67615999999999e-017
7.5e-009 -0.00158720413692537 -0.000363174045952435 173943.996300667 -360199.231191507 1.33808e-016 2.67615999999999e-017
7.6e-009 -0.00156895760561071 -0.000398757005773841 190986.629992481 -351459.965236604 1.33808e-016 2.67615999999999e-017
7.7e-009 -0.00154902870432902 -0.000433425750031066 207591.395641449 -341914.919907913 1.33808e-016 2.67615999999999e-017
7.8e-009 -0.00152746312334143 -0.000467100794965504 223720.224110287 -331585.978780832 1.33808e-016 2.67615999999999e-017
7.9e-009 -0.00150431030526465 -0.000499704935036541 239336.137425429 -320496.822639906 1.33808e-016 2.67615999999999e-017
8e-009 -0.00147962333171562 -0.000531163419927874 254403.333555076 -308672.875186765 1.33808e-016 2.67615999999999e-017
8.1e-009 -0.00145345880161331 -0.000561404125924819 268887.268491195 -296141.244752134 1.33808e-016 2.67615999999999e-017
8.2e-009 -0.00142587670141638 -0.000590357721269704 282754.735447304 -282930.66214556 1.33808e-016 2.67615999999999e-017
8.3e-009 -0.00139694026759449 -0.000617957825116249 295973.94099045 -269071.414785333 1.33808e-016 2.67615999999999e-017
8.4e-009 -0.00136671584164833 -0.000644141159718497 308514.577932852 -254595.277259641 1.33808e-016 2.67615999999999e-017
8.5e-009 -0.00133527271801088 -0.000668847695505386 320347.894816074 -239535.438478128 1.33808e-016 2.67615999999999e-017
8.6e-009 -0.00130268298517866 -0.000692020788708337 331446.761828441 -223926.425580905 1.33808e-016 2.67615999999999e-017
8.7e-009 -0.00126902136043701 -0.000713607311226355 341785.733004564 -207804.024779437 1.33808e-016 2.67615999999999e-017
8.79999999999999e-009 -0.00123436501855856 -0.000733557772430867 351341.104564372 -191205.199310811 1.33808e-016 2.67615999999999e-017
8.89999999999999e-009 -0.00119879341486745 -0.000751826432631081 360090.969257898 -174168.004693478 1.33808e-016 2.67615999999999e-017
8.99999999999999e-009 -0.00116238810307499 -0.000768371407939693 368015.266591228 -156731.50147876 1.33808e-016 2.67615999999999e-017
9.09999999999999e-009 -0.0011252325483045 -0.000783154766298539 375095.828818462 -138935.665698158 1.33808e-016 2.67615999999999e-017
9.19999999999999e-009 -0.00108741193573387 -0.000796142614444036 381316.422594235 -120821.297211768 1.33808e-016 2.67615999999999e-017
9.29999999999999e-009 -0.00104901297529459 -0.000807305175613021 386662.786191314 -102429.926167941 1.33808e-016 2.67615999999999e-017
9.39999999999999e-009 -0.00101012370287513 -0.00081661685781085 391122.662197939 -83803.7177886324 1.33808e-016 2.67615999999999e-017
9.49999999999999e-009 -0.000970833278484236 -0.000824056312485219 394685.825619938 -64985.3756987454 1.33808e-016 2.67615999999999e-017
9.59999999999999e-009 -0.000931231781837079 -0.000829606483471211 397344.107323202 -46018.0440210953 1.33808e-016 2.67615999999999e-017
9.69999999999999e-009 -0.000891410005832781 -0.000833254646095339 399091.41276275 -26945.2084614619 1.33808e-016 2.67615999999999e-017
9.79999999999999e-009 -0.00085145924839687 -0.000834992436348937 399923.735955479 -7810.59661050614 1.33808e-016 2.67615999999999e-017
9.89999999999999e-009 -0.00081147110316587 -0.000834815870064019 399839.168664526 11341.9223088734 1.33808e-016 2.67615999999999e-017
9.99999999999999e-009 -0.000771537249493933 -0.00083272535204763 398837.904774218 30468.4380188991 1.33808e-016 2.67615999999999e-017
